2020-07-29 18:05:55.187396 [info]: ========== hPlayer Server Begin Running .. =============
2020-07-29 18:05:55.187431 [info]: Redis Init:ip = 127.0.0.1
2020-07-29 18:05:55.188045 [info]: Redis tool init success..
2020-07-29 18:05:55.191951 [info]: MySql connect success..
2020-07-29 18:05:55.193233 [info]: ThreadPool init success..
2020-07-29 18:05:55.193884 [info]: Network init success..
2020-07-29 18:06:30.499579 [info]: clientfd:9 ===> LoginRq
2020-07-29 18:06:30.499766 [info]: select password from t_UserData where email = '123';
2020-07-29 18:06:30.504902 [info]: login user not exist
2020-07-29 18:06:40.192941 [info]: clientfd:9 ===> LoginRq
2020-07-29 18:06:40.193002 [info]: select password from t_UserData where email = '1234';
2020-07-29 18:06:40.193783 [info]: login user not exist
2020-07-29 18:06:48.387578 [info]: clientfd:9 ===> RegisterRq
2020-07-29 18:06:48.387885 [info]: select email from t_UserData where email = '123';
2020-07-29 18:06:48.388897 [info]: insert into t_UserData(email,name,password) values('123','123','ad90103a6daa2d46f6ca32753f5bd8cd');
2020-07-29 18:06:53.340347 [info]: clientfd:9 ===> LoginRq
2020-07-29 18:06:53.340404 [info]: select password from t_UserData where email = '123';
2020-07-29 18:06:53.341893 [info]: select name from t_UserData where email = '123';
2020-07-29 18:06:53.342808 [info]: Login success..  login rs name:123
2020-07-29 18:06:53.342851 [info]: select id from t_UserData where email = '123';
2020-07-29 18:06:53.343533 [info]: login rs id:123
2020-07-29 18:17:15.220731 [info]: ========== hPlayer Server Begin Running .. =============
2020-07-29 18:17:15.220842 [info]: Redis Init:ip = 127.0.0.1
2020-07-29 18:17:15.221870 [info]: Redis tool init success..
2020-07-29 18:17:15.228125 [info]: MySql connect success..
2020-07-29 18:17:15.229298 [info]: ThreadPool init success..
2020-07-29 18:17:15.229432 [erro]: Network init error..
2020-07-29 18:17:27.996388 [info]: ========== hPlayer Server Begin Running .. =============
2020-07-29 18:17:27.996477 [info]: Redis Init:ip = 127.0.0.1
2020-07-29 18:17:27.997002 [info]: Redis tool init success..
2020-07-29 18:17:28.002626 [info]: MySql connect success..
2020-07-29 18:17:28.003355 [info]: ThreadPool init success..
2020-07-29 18:17:28.003466 [erro]: Network init error..
2020-07-29 18:21:29.974698 [info]: ========== hPlayer Server Begin Running .. =============
2020-07-29 18:21:29.974752 [info]: Redis Init:ip = 127.0.0.1
2020-07-29 18:21:29.975158 [info]: Redis tool init success..
2020-07-29 18:21:29.980192 [info]: MySql connect success..
2020-07-29 18:21:29.982701 [info]: ThreadPool init success..
2020-07-29 18:21:29.982790 [info]: Network init success..
2020-07-29 18:21:58.028954 [info]: clientfd:9 ===> LoginRq
2020-07-29 18:21:58.029035 [info]: select password from t_UserData where email = '123';
2020-07-29 18:21:58.031062 [info]: select name from t_UserData where email = '123';
2020-07-29 18:21:58.052993 [info]: Login success..  login rs name:123
2020-07-29 18:21:58.053039 [info]: select id from t_UserData where email = '123';
2020-07-29 18:21:58.053881 [info]: login rs id:123
2020-07-29 19:03:28.731539 [info]: ========== hPlayer Server Begin Running .. =============
2020-07-29 19:03:28.731616 [info]: Redis Init:ip = 127.0.0.1
2020-07-29 19:03:28.731998 [info]: Redis tool init success..
2020-07-29 19:03:28.735683 [info]: MySql connect success..
2020-07-29 19:03:28.736722 [info]: ThreadPool init success..
2020-07-29 19:03:28.737037 [info]: Network init success..
2020-07-29 22:23:33.669443 [info]: clientfd:9 ===> LoginRq
2020-07-29 22:23:33.669793 [info]: select password from t_UserData where email = '1234';
2020-07-29 22:23:33.673802 [info]: login user not exist
2020-07-29 22:23:38.633725 [info]: clientfd:9 ===> LoginRq
2020-07-29 22:23:38.633802 [info]: select password from t_UserData where email = '123';
2020-07-29 22:23:38.635186 [info]: select name from t_UserData where email = '123';
2020-07-29 22:23:38.636014 [info]: Login success..  login rs name:123
2020-07-29 22:23:38.636060 [info]: select id from t_UserData where email = '123';
2020-07-29 22:23:38.637004 [info]: login rs id:123
2020-07-29 22:27:17.951890 [info]: ========== hPlayer Server Begin Running .. =============
2020-07-29 22:27:17.951936 [info]: Redis Init:ip = 127.0.0.1
2020-07-29 22:27:17.952470 [info]: Redis tool init success..
2020-07-29 22:27:17.958811 [info]: MySql connect success..
2020-07-29 22:27:17.959262 [info]: ThreadPool init success..
2020-07-29 22:27:17.959400 [info]: Network init success..
2020-07-29 22:27:36.311847 [info]: ========== hPlayer Server Begin Running .. =============
2020-07-29 22:27:36.311904 [info]: Redis Init:ip = 127.0.0.1
2020-07-29 22:27:36.312392 [info]: Redis tool init success..
2020-07-29 22:27:36.317329 [info]: MySql connect success..
2020-07-29 22:27:36.318312 [info]: ThreadPool init success..
2020-07-29 22:27:36.318425 [info]: Network init success..
2020-07-29 22:28:09.410515 [info]: ========== hPlayer Server Begin Running .. =============
2020-07-29 22:28:09.410621 [info]: Redis Init:ip = 127.0.0.1
2020-07-29 22:28:09.411039 [info]: Redis tool init success..
2020-07-29 22:28:09.414551 [info]: MySql connect success..
2020-07-29 22:28:09.415188 [info]: ThreadPool init success..
2020-07-29 22:28:09.415348 [info]: Network init success..
2020-07-29 22:28:18.691224 [info]: ========== hPlayer Server Begin Running .. =============
2020-07-29 22:28:18.691268 [info]: Redis Init:ip = 127.0.0.1
2020-07-29 22:28:18.691594 [info]: Redis tool init success..
2020-07-29 22:28:18.697774 [info]: MySql connect success..
2020-07-29 22:28:18.698914 [info]: ThreadPool init success..
2020-07-29 22:28:18.699104 [info]: Network init success..
2020-07-29 22:29:12.493271 [info]: ========== hPlayer Server Begin Running .. =============
2020-07-29 22:29:12.493312 [info]: Redis Init:ip = 127.0.0.1
2020-07-29 22:29:12.493751 [info]: Redis tool init success..
2020-07-29 22:29:12.499431 [info]: MySql connect success..
2020-07-29 22:29:12.500029 [info]: ThreadPool init success..
2020-07-29 22:29:12.500139 [info]: Network init success..
2020-07-29 22:31:57.171567 [info]: ========== hPlayer Server Begin Running .. =============
2020-07-29 22:31:57.171607 [info]: Redis Init:ip = 127.0.0.1
2020-07-29 22:31:57.171934 [info]: Redis tool init success..
2020-07-29 22:31:57.175725 [info]: MySql connect success..
2020-07-29 22:31:57.176687 [info]: ThreadPool init success..
2020-07-29 22:31:57.177121 [info]: Network init success..
2020-07-29 22:40:55.063502 [info]: ========== hPlayer Server Begin Running .. =============
2020-07-29 22:40:55.063549 [info]: Redis Init:ip = 127.0.0.1
2020-07-29 22:40:55.064142 [info]: Redis tool init success..
2020-07-29 22:40:55.069563 [info]: MySql connect success..
2020-07-29 22:40:55.070885 [info]: ThreadPool init success..
2020-07-29 22:40:55.071059 [info]: Network init success..
2020-07-29 22:41:15.301353 [info]: clientfd:9 ===> LoginRq
2020-07-29 22:41:15.301479 [info]: select password from t_UserData where email = '123';
2020-07-29 22:41:15.303522 [info]: select name from t_UserData where email = '123';
2020-07-29 22:41:15.304807 [info]: Login success..  login rs name:123
2020-07-29 22:41:15.304843 [info]: select id from t_UserData where email = '123';
2020-07-29 22:41:15.305485 [info]: login rs id:123
2020-07-29 22:45:31.859342 [info]: ========== hPlayer Server Begin Running .. =============
2020-07-29 22:45:31.859373 [info]: Redis Init:ip = 127.0.0.1
2020-07-29 22:45:31.859701 [info]: Redis tool init success..
2020-07-29 22:45:31.865206 [info]: MySql connect success..
2020-07-29 22:45:31.865877 [info]: ThreadPool init success..
2020-07-29 22:45:31.865970 [info]: Network init success..
2020-07-29 22:45:48.381136 [info]: clientfd:9 ===> LoginRq
2020-07-29 22:45:48.381505 [info]: select password from t_UserData where email = '123';
2020-07-29 22:45:48.383750 [info]: select name from t_UserData where email = '123';
2020-07-29 22:45:48.385316 [info]: Login success..  login rs name:123
2020-07-29 22:45:48.385356 [info]: select id from t_UserData where email = '123';
2020-07-29 22:45:48.386076 [info]: login rs id:123
2020-07-29 22:50:15.636564 [info]: ========== hPlayer Server Begin Running .. =============
2020-07-29 22:50:15.636615 [info]: Redis Init:ip = 127.0.0.1
2020-07-29 22:50:15.637712 [info]: Redis tool init success..
2020-07-29 22:50:15.642392 [info]: MySql connect success..
2020-07-29 22:50:15.643552 [info]: ThreadPool init success..
2020-07-29 22:50:15.643744 [info]: Network init success..
2020-07-29 22:50:19.015662 [info]: removefd:9
2020-07-29 22:50:33.071841 [info]: clientfd:9 ===> LoginRq
2020-07-29 22:50:33.072019 [info]: select password from t_UserData where email = '123';
2020-07-29 22:50:33.074279 [info]: select name from t_UserData where email = '123';
2020-07-29 22:50:33.075820 [info]: Login success..  login rs name:123
2020-07-29 22:50:33.075863 [info]: select id from t_UserData where email = '123';
2020-07-29 22:50:33.076816 [info]: login rs id:123
2020-07-29 22:52:13.943562 [info]: ========== hPlayer Server Begin Running .. =============
2020-07-29 22:52:13.943608 [info]: Redis Init:ip = 127.0.0.1
2020-07-29 22:52:13.944076 [info]: Redis tool init success..
2020-07-29 22:52:13.949111 [info]: MySql connect success..
2020-07-29 22:52:13.950924 [info]: ThreadPool init success..
2020-07-29 22:52:13.951136 [info]: Network init success..
2020-07-29 22:52:27.577145 [info]: clientfd:9 ===> LoginRq
2020-07-29 22:52:27.577510 [info]: select password from t_UserData where email = '123';
2020-07-29 22:52:27.579173 [info]: select name from t_UserData where email = '123';
2020-07-29 22:52:27.592057 [info]: Login success..  login rs name:123
2020-07-29 22:52:27.592162 [info]: select id from t_UserData where email = '123';
2020-07-29 22:52:27.592900 [info]: login rs id:123
2020-07-29 22:58:48.208949 [info]: ========== hPlayer Server Begin Running .. =============
2020-07-29 22:58:48.208993 [info]: Redis Init:ip = 127.0.0.1
2020-07-29 22:58:48.209464 [info]: Redis tool init success..
2020-07-29 22:58:48.213605 [info]: MySql connect success..
2020-07-29 22:58:48.214363 [info]: ThreadPool init success..
2020-07-29 22:58:48.214431 [info]: Network init success..
2020-07-29 22:59:07.349568 [info]: clientfd:9 ===> LoginRq
2020-07-29 22:59:07.349719 [info]: select password from t_UserData where email = '123';
2020-07-29 22:59:07.361307 [info]: select name from t_UserData where email = '123';
2020-07-29 22:59:07.383131 [info]: Login success..  login rs name:123
2020-07-29 22:59:07.383283 [info]: select id from t_UserData where email = '123';
2020-07-29 22:59:07.384009 [info]: login rs id:123
2020-07-29 23:13:33.846232 [info]: ========== hPlayer Server Begin Running .. =============
2020-07-29 23:13:33.846270 [info]: Redis Init:ip = 127.0.0.1
2020-07-29 23:13:33.846577 [info]: Redis tool init success..
2020-07-29 23:13:33.850530 [info]: MySql connect success..
2020-07-29 23:13:33.851493 [info]: ThreadPool init success..
2020-07-29 23:13:33.851657 [info]: Network init success..
2020-07-29 23:13:46.954587 [info]: clientfd:9 ===> LoginRq
2020-07-29 23:13:46.954750 [info]: select password from t_UserData where email = '123';
2020-07-29 23:13:46.976173 [info]: select name from t_UserData where email = '123';
2020-07-29 23:13:46.977669 [info]: Login success..  login rs name:123
2020-07-29 23:13:46.977715 [info]: select id from t_UserData where email = '123';
2020-07-29 23:13:46.978356 [info]: login rs id:123
