2020-07-26 10:18:59.369282 [info]: ========== hPlayer Server Begin Running .. =============
2020-07-26 10:18:59.369315 [info]: Redis Init:ip = 127.0.0.1
2020-07-26 10:18:59.370032 [info]: Redis tool init success..
2020-07-26 10:18:59.375166 [info]: MySql connect success..
2020-07-26 10:18:59.376691 [info]: ThreadPool init success..
2020-07-26 10:18:59.377234 [erro]: Network init error..
2020-07-26 10:21:02.430070 [info]: ========== hPlayer Server Begin Running .. =============
2020-07-26 10:21:02.430105 [info]: Redis Init:ip = 127.0.0.1
2020-07-26 10:21:02.430503 [info]: Redis tool init success..
2020-07-26 10:21:02.434423 [info]: MySql connect success..
2020-07-26 10:21:02.435646 [info]: ThreadPool init success..
2020-07-26 10:21:02.435746 [erro]: Network init error..
2020-07-26 10:30:42.241422 [info]: ========== hPlayer Server Begin Running .. =============
2020-07-26 10:30:42.241468 [info]: Redis Init:ip = 127.0.0.1
2020-07-26 10:30:42.241868 [info]: Redis tool init success..
2020-07-26 10:30:42.245055 [info]: MySql connect success..
2020-07-26 10:30:42.245919 [info]: ThreadPool init success..
2020-07-26 10:30:42.246284 [info]: Network init success..
2020-07-26 10:39:17.527795 [info]: ========== hPlayer Server Begin Running .. =============
2020-07-26 10:39:17.527827 [info]: Redis Init:ip = 127.0.0.1
2020-07-26 10:39:17.528364 [info]: Redis tool init success..
2020-07-26 10:39:17.531925 [info]: MySql connect success..
2020-07-26 10:39:17.532668 [info]: ThreadPool init success..
2020-07-26 10:39:17.532769 [info]: Network init success..
2020-07-26 10:41:55.045884 [info]: ========== hPlayer Server Begin Running .. =============
2020-07-26 10:41:55.045924 [info]: Redis Init:ip = 127.0.0.1
2020-07-26 10:41:55.046180 [info]: Redis tool init success..
2020-07-26 10:41:55.050974 [info]: MySql connect success..
2020-07-26 10:41:55.052145 [info]: ThreadPool init success..
2020-07-26 10:41:55.052462 [info]: Network init success..
2020-07-26 10:42:07.692623 [info]: clientfd:9 ===> LoginRq
2020-07-26 10:42:07.692800 [info]: select password from t_userdata where email = '1234';
2020-07-26 10:42:12.993776 [info]: clientfd:9 ===> LoginRq
2020-07-26 10:42:12.993834 [info]: select password from t_userdata where email = '12345123';
2020-07-26 10:42:12.995029 [info]: login user not exist
2020-07-26 10:42:17.632592 [info]: clientfd:9 ===> LoginRq
2020-07-26 10:42:17.632740 [info]: select password from t_userdata where email = '123';
2020-07-26 10:42:17.633600 [info]: select name from t_userdata where email = '123';
2020-07-26 10:42:17.634400 [info]: Login success..  login rs name:123
2020-07-26 10:43:05.290862 [info]: removefd:9
2020-07-26 10:45:25.698679 [info]: ========== hPlayer Server Begin Running .. =============
2020-07-26 10:45:25.698729 [info]: Redis Init:ip = 127.0.0.1
2020-07-26 10:45:25.699145 [info]: Redis tool init success..
2020-07-26 10:45:25.703581 [info]: MySql connect success..
2020-07-26 10:45:25.704454 [info]: ThreadPool init success..
2020-07-26 10:45:25.704635 [info]: Network init success..
2020-07-26 10:45:49.032057 [info]: clientfd:9 ===> RegisterRq
2020-07-26 10:45:49.032159 [info]: select email from t_userdata where email = '123';
2020-07-26 10:46:00.779161 [info]: clientfd:9 ===> RegisterRq
2020-07-26 10:46:00.779259 [info]: select email from t_userdata where email = '123';
2020-07-26 10:46:05.159439 [info]: clientfd:9 ===> RegisterRq
2020-07-26 10:46:05.159497 [info]: select email from t_userdata where email = '1234';
2020-07-26 10:46:08.807262 [info]: clientfd:9 ===> RegisterRq
2020-07-26 10:46:08.807320 [info]: select email from t_userdata where email = '12';
2020-07-26 10:46:08.808398 [info]: insert into t_userdata(email,name,password) values('12','12','ad90103a6daa2d46f6ca32753f5bd8cd');
2020-07-26 10:46:30.103295 [info]: clientfd:9 ===> LoginRq
2020-07-26 10:46:30.103441 [info]: select password from t_userdata where email = '1234';
2020-07-26 10:47:06.175772 [info]: clientfd:9 ===> LoginRq
2020-07-26 10:47:06.175839 [info]: select password from t_userdata where email = '123';
2020-07-26 10:47:06.176904 [info]: select name from t_userdata where email = '123';
2020-07-26 10:47:06.177868 [info]: Login success..  login rs name:123
2020-07-26 11:30:14.445778 [info]: ========== hPlayer Server Begin Running .. =============
2020-07-26 11:30:14.445810 [info]: Redis Init:ip = 127.0.0.1
2020-07-26 11:30:14.446201 [info]: Redis tool init success..
2020-07-26 11:30:14.451295 [info]: MySql connect success..
2020-07-26 11:30:14.452611 [info]: ThreadPool init success..
2020-07-26 11:30:14.453082 [info]: Network init success..
2020-07-26 11:41:53.010593 [info]: removefd:9
2020-07-26 11:44:31.415388 [info]: removefd:9
2020-07-26 11:48:08.133836 [info]: removefd:9
2020-07-26 11:51:03.487527 [info]: removefd:9
2020-07-26 11:54:28.223114 [info]: removefd:9
2020-07-26 11:56:19.698987 [info]: removefd:9
2020-07-26 12:00:03.900258 [info]: removefd:9
2020-07-26 12:03:56.194251 [info]: removefd:9
2020-07-26 12:04:48.562501 [info]: removefd:9
2020-07-26 12:07:10.832972 [info]: removefd:9
2020-07-26 12:08:25.956310 [info]: removefd:9
2020-07-26 12:32:02.604337 [info]: removefd:9
2020-07-26 12:34:36.608841 [info]: removefd:9
2020-07-26 12:38:04.437928 [info]: removefd:9
2020-07-26 12:41:13.909803 [info]: removefd:9
2020-07-26 12:42:32.774272 [info]: removefd:9
2020-07-26 12:44:55.287033 [info]: removefd:9
2020-07-26 12:48:53.789558 [info]: clientfd:9 ===> LoginRq
2020-07-26 12:48:53.789890 [info]: select password from t_userdata where email = '123';
2020-07-26 12:48:53.798317 [info]: select name from t_userdata where email = '123';
2020-07-26 12:48:53.799246 [info]: Login success..  login rs name:123
2020-07-26 12:50:48.872152 [info]: removefd:9
2020-07-26 12:50:48.872377 [info]: removefd:9
2020-07-26 12:51:25.335437 [info]: removefd:9
2020-07-26 12:52:23.267300 [info]: removefd:9
2020-07-26 12:53:51.203327 [info]: removefd:9
2020-07-26 12:59:26.639816 [info]: removefd:9
2020-07-26 13:05:55.634437 [info]: removefd:9
2020-07-26 13:07:32.831245 [info]: removefd:9
2020-07-26 13:20:23.416768 [info]: removefd:9
2020-07-26 13:21:01.618909 [info]: removefd:9
2020-07-26 13:29:01.891451 [info]: removefd:9
2020-07-26 13:34:56.927728 [info]: removefd:9
2020-07-26 13:37:20.058895 [info]: removefd:9
2020-07-26 13:47:26.355493 [info]: removefd:9
2020-07-26 13:48:15.223490 [info]: removefd:9
2020-07-26 13:48:39.188773 [info]: removefd:9
2020-07-26 13:49:21.810938 [info]: clientfd:9 ===> LoginRq
2020-07-26 13:49:21.811280 [info]: select password from t_userdata where email = '123';
2020-07-26 13:49:21.817813 [info]: select name from t_userdata where email = '123';
2020-07-26 13:49:21.818533 [info]: Login success..  login rs name:123
2020-07-26 13:49:26.337864 [info]: removefd:9
2020-07-26 13:49:45.201681 [info]: clientfd:9 ===> LoginRq
2020-07-26 13:49:45.202001 [info]: select password from t_userdata where email = '132123';
2020-07-26 13:49:45.203247 [info]: login user not exist
2020-07-26 13:50:02.353000 [info]: clientfd:9 ===> LoginRq
2020-07-26 13:50:02.353057 [info]: select password from t_userdata where email = '123';
2020-07-26 13:50:02.353935 [info]: select name from t_userdata where email = '123';
2020-07-26 13:50:02.354830 [info]: Login success..  login rs name:123
2020-07-26 13:50:40.906710 [info]: removefd:9
2020-07-26 13:50:40.906739 [info]: removefd:9
2020-07-26 13:51:51.370372 [info]: clientfd:9 ===> LoginRq
2020-07-26 13:51:51.370644 [info]: select password from t_userdata where email = '123';
2020-07-26 13:51:51.372584 [info]: select name from t_userdata where email = '123';
2020-07-26 13:51:51.373957 [info]: Login success..  login rs name:123
2020-07-26 13:52:04.380909 [info]: removefd:9
2020-07-26 13:52:04.380910 [info]: removefd:9
2020-07-26 13:52:45.684348 [info]: clientfd:9 ===> LoginRq
2020-07-26 13:52:45.684737 [info]: select password from t_userdata where email = '123';
2020-07-26 13:52:45.685964 [info]: select name from t_userdata where email = '123';
2020-07-26 13:52:45.686703 [info]: Login success..  login rs name:123
2020-07-26 13:56:03.743406 [info]: ========== hPlayer Server Begin Running .. =============
2020-07-26 13:56:03.743455 [info]: Redis Init:ip = 127.0.0.1
2020-07-26 13:56:03.743931 [info]: Redis tool init success..
2020-07-26 13:56:03.751765 [info]: MySql connect success..
2020-07-26 13:56:03.752814 [info]: ThreadPool init success..
2020-07-26 13:56:03.752976 [info]: Network init success..
2020-07-26 13:56:45.098784 [info]: clientfd:9 ===> LoginRq
2020-07-26 13:56:45.098944 [info]: select password from t_userdata where email = '123';
2020-07-26 13:56:45.100876 [info]: select name from t_userdata where email = '123';
2020-07-26 13:56:45.101775 [info]: Login success..  login rs name:123
2020-07-26 13:58:42.418175 [info]: removefd:9
2020-07-26 14:00:33.276373 [info]: clientfd:9 ===> LoginRq
2020-07-26 14:00:33.276567 [info]: select password from t_userdata where email = '123';
2020-07-26 14:00:33.278426 [info]: select name from t_userdata where email = '123';
2020-07-26 14:00:33.279538 [info]: Login success..  login rs name:123
2020-07-26 14:04:38.183284 [info]: ========== hPlayer Server Begin Running .. =============
2020-07-26 14:04:38.183333 [info]: Redis Init:ip = 127.0.0.1
2020-07-26 14:04:38.183874 [info]: Redis tool init success..
2020-07-26 14:04:38.189029 [info]: MySql connect success..
2020-07-26 14:04:38.189881 [info]: ThreadPool init success..
2020-07-26 14:04:38.190034 [info]: Network init success..
2020-07-26 14:04:49.463077 [info]: clientfd:9 ===> LoginRq
2020-07-26 14:04:49.463212 [info]: select password from t_userdata where email = '123';
2020-07-26 14:04:49.464870 [info]: select name from t_userdata where email = '123';
2020-07-26 14:04:49.465569 [info]: Login success..  login rs name:123
2020-07-26 14:05:20.706572 [info]: removefd:9
2020-07-26 14:06:55.374766 [info]: clientfd:9 ===> LoginRq
2020-07-26 14:06:55.375007 [info]: select password from t_userdata where email = '123';
2020-07-26 14:06:55.376340 [info]: select name from t_userdata where email = '123';
2020-07-26 14:06:55.377339 [info]: Login success..  login rs name:123
2020-07-26 14:10:57.841280 [info]: ========== hPlayer Server Begin Running .. =============
2020-07-26 14:10:57.841321 [info]: Redis Init:ip = 127.0.0.1
2020-07-26 14:10:57.841611 [info]: Redis tool init success..
2020-07-26 14:10:57.845778 [info]: MySql connect success..
2020-07-26 14:10:57.846900 [info]: ThreadPool init success..
2020-07-26 14:10:57.847092 [info]: Network init success..
2020-07-26 15:45:11.841838 [info]: ========== hPlayer Server Begin Running .. =============
2020-07-26 15:45:11.842113 [info]: Redis Init:ip = 127.0.0.1
2020-07-26 15:45:11.842610 [info]: Redis tool init success..
2020-07-26 15:45:11.849099 [info]: MySql connect success..
2020-07-26 15:45:11.850769 [info]: ThreadPool init success..
2020-07-26 15:45:11.850994 [info]: Network init success..
2020-07-26 16:35:56.986603 [info]: ========== hPlayer Server Begin Running .. =============
2020-07-26 16:35:56.986640 [info]: Redis Init:ip = 127.0.0.1
2020-07-26 16:35:56.987246 [info]: Redis tool init success..
2020-07-26 16:35:56.991787 [info]: MySql connect success..
2020-07-26 16:35:56.992672 [info]: ThreadPool init success..
2020-07-26 16:35:56.992861 [info]: Network init success..
2020-07-26 16:36:23.052483 [info]: clientfd:9 ===> LoginRq
2020-07-26 16:36:23.052626 [info]: select password from t_userdata where email = '123';
2020-07-26 16:36:23.057924 [info]: select name from t_userdata where email = '123';
2020-07-26 16:36:23.058965 [info]: Login success..  login rs name:123
2020-07-26 16:36:23.059007 [info]: select id from t_userdata where email = '123';
2020-07-26 16:36:23.059657 [info]: login rs id:123
2020-07-26 16:55:05.711381 [info]: ========== hPlayer Server Begin Running .. =============
2020-07-26 16:55:05.711422 [info]: Redis Init:ip = 127.0.0.1
2020-07-26 16:55:05.711771 [info]: Redis tool init success..
2020-07-26 16:55:05.715865 [info]: MySql connect success..
2020-07-26 16:55:05.716781 [info]: ThreadPool init success..
2020-07-26 16:55:05.716946 [erro]: Network init error..
2020-07-26 16:55:39.140417 [info]: ========== hPlayer Server Begin Running .. =============
2020-07-26 16:55:39.140681 [info]: Redis Init:ip = 127.0.0.1
2020-07-26 16:55:39.141094 [info]: Redis tool init success..
2020-07-26 16:55:39.144690 [info]: MySql connect success..
2020-07-26 16:55:39.146192 [info]: ThreadPool init success..
2020-07-26 16:55:39.146291 [erro]: Network init error..
2020-07-26 16:57:20.887731 [info]: ========== hPlayer Server Begin Running .. =============
2020-07-26 16:57:20.887775 [info]: Redis Init:ip = 127.0.0.1
2020-07-26 16:57:20.888205 [info]: Redis tool init success..
2020-07-26 16:57:20.891610 [info]: MySql connect success..
2020-07-26 16:57:20.892697 [info]: ThreadPool init success..
2020-07-26 16:57:20.892835 [info]: Network init success..
2020-07-26 16:57:40.514901 [info]: clientfd:9 ===> LoginRq
2020-07-26 16:57:40.515076 [info]: select password from t_userdata where email = '123';
2020-07-26 16:57:40.517301 [info]: select name from t_userdata where email = '123';
2020-07-26 16:57:40.518526 [info]: Login success..  login rs name:123
2020-07-26 16:57:40.518784 [info]: select id from t_userdata where email = '123';
2020-07-26 16:57:40.519868 [info]: login rs id:123
2020-07-26 16:58:54.759729 [info]: removefd:9
